-------------------------------------------------------------------------------
Test set: com.bebit.springbootgrpcexample.SpringBootGrpcExampleApplicationTests
-------------------------------------------------------------------------------
Tests run: 1, Failures: 0, Errors: 1, Skipped: 0, Time elapsed: 4.76 s <<< FAILURE! - in com.bebit.springbootgrpcexample.SpringBootGrpcExampleApplicationTests
sayHello(com.bebit.springbootgrpcexample.SpringBootGrpcExampleApplicationTests)  Time elapsed: 0.001 s  <<< ERROR!
java.lang.IllegalStateException: Failed to load ApplicationContext
Caused by: java.lang.IllegalStateException: Failed to execute CommandLineRunner
Caused by: java.io.IOException: Failed to bind
Caused by: java.net.BindException: Address already in use

